[    0.000000] Initializing cgroup subsys cpuset
[    0.000000] Initializing cgroup subsys cpu
[    0.000000] Initializing cgroup subsys cpuacct
[    0.000000] Linux version 4.4.0-72-generic (buildd@lcy01-17) (gcc version 5.4.0 20160609 (Ubuntu 5.4.0-6ubuntu1~16.04.4) ) #93-Ubuntu SMP Fri Mar 31 14:07:41 UTC 2017 (Ubuntu 4.4.0-72.93-generic 4.4.49)
[    0.000000] Command line: BOOT_IMAGE=/boot/vmlinuz-4.4.0-72-generic root=LABEL=cloudimg-rootfs ro console=tty1 console=ttyS0
[    0.000000] KERNEL supported cpus:
[    0.000000]   Intel GenuineIntel
[    0.000000]   AMD AuthenticAMD
[    0.000000]   Centaur CentaurHauls
[    0.000000] x86/fpu: xstate_offset[2]:  576, xstate_sizes[2]:  256
[    0.000000] x86/fpu: Supporting XSAVE feature 0x01: 'x87 floating point registers'
[    0.000000] x86/fpu: Supporting XSAVE feature 0x02: 'SSE registers'
[    0.000000] x86/fpu: Supporting XSAVE feature 0x04: 'AVX registers'
[    0.000000] x86/fpu: Enabled xstate features 0x7, context size is 832 bytes, using 'standard' format.
[    0.000000] x86/fpu: Using 'lazy' FPU context switches.
[    0.000000] e820: BIOS-provided physical RAM map:
[    0.000000] BIOS-e820: [mem 0x0000000000000000-0x000000000009fbff] usable
[    0.000000] BIOS-e820: [mem 0x000000000009fc00-0x000000000009ffff] reserved
[    0.000000] BIOS-e820: [mem 0x00000000000f0000-0x00000000000fffff] reserved
[    0.000000] BIOS-e820: [mem 0x0000000000100000-0x000000003ffeffff] usable
[    0.000000] BIOS-e820: [mem 0x000000003fff0000-0x000000003fffffff] ACPI data
[    0.000000] BIOS-e820: [mem 0x00000000fec00000-0x00000000fec00fff] reserved
[    0.000000] BIOS-e820: [mem 0x00000000fee00000-0x00000000fee00fff] reserved
[    0.000000] BIOS-e820: [mem 0x00000000fffc0000-0x00000000ffffffff] reserved
[    0.000000] NX (Execute Disable) protection: active
[    0.000000] SMBIOS 2.5 present.
[    0.000000] Hypervisor detected: KVM
[    0.000000] e820: last_pfn = 0x3fff0 max_arch_pfn = 0x400000000
[    0.000000] MTRR: Disabled
[    0.000000] x86/PAT: MTRRs disabled, skipping PAT initialization too.
[    0.000000] x86/PAT: Configuration [0-7]: WB  WT  UC- UC  WB  WT  UC- UC  
[    0.000000] CPU MTRRs all blank - virtualized system.
[    0.000000] found SMP MP-table at [mem 0x0009fff0-0x0009ffff] mapped at [ffff88000009fff0]
[    0.000000] Scanning 1 areas for low memory corruption
[    0.000000] RAMDISK: [mem 0x36af8000-0x37573fff]
[    0.000000] ACPI: Early table checksum verification disabled
[    0.000000] ACPI: RSDP 0x00000000000E0000 000024 (v02 VBOX  )
[    0.000000] ACPI: XSDT 0x000000003FFF0030 00003C (v01 VBOX   VBOXXSDT 00000001 ASL  00000061)
[    0.000000] ACPI: FACP 0x000000003FFF00F0 0000F4 (v04 VBOX   VBOXFACP 00000001 ASL  00000061)
[    0.000000] ACPI: DSDT 0x000000003FFF0470 00210F (v01 VBOX   VBOXBIOS 00000002 INTL 20160108)
[    0.000000] ACPI: FACS 0x000000003FFF0200 000040
[    0.000000] ACPI: FACS 0x000000003FFF0200 000040
[    0.000000] ACPI: APIC 0x000000003FFF0240 00005C (v02 VBOX   VBOXAPIC 00000001 ASL  00000061)
[    0.000000] ACPI: SSDT 0x000000003FFF02A0 0001CC (v01 VBOX   VBOXCPUT 00000002 INTL 20160108)
[    0.000000] No NUMA configuration found
[    0.000000] Faking a node at [mem 0x0000000000000000-0x000000003ffeffff]
[    0.000000] NODE_DATA(0) allocated [mem 0x3ffeb000-0x3ffeffff]
[    0.000000] kvm-clock: Using msrs 4b564d01 and 4b564d00
[    0.000000] kvm-clock: cpu 0, msr 0:3ffe3001, primary cpu clock
[    0.000000] kvm-clock: using sched offset of 3160896946 cycles
[    0.000000] clocksource: kvm-clock: mask: 0xffffffffffffffff max_cycles: 0x1cd42e4dffb, max_idle_ns: 881590591483 ns
[    0.000000] Zone ranges:
[    0.000000]   DMA      [mem 0x0000000000001000-0x0000000000ffffff]
[    0.000000]   DMA32    [mem 0x0000000001000000-0x000000003ffeffff]
[    0.000000]   Normal   empty
[    0.000000]   Device   empty
[    0.000000] Movable zone start for each node
[    0.000000] Early memory node ranges
[    0.000000]   node   0: [mem 0x0000000000001000-0x000000000009efff]
[    0.000000]   node   0: [mem 0x0000000000100000-0x000000003ffeffff]
[    0.000000] Initmem setup node 0 [mem 0x0000000000001000-0x000000003ffeffff]
[    0.000000] ACPI: PM-Timer IO Port: 0x4008
[    0.000000] IOAPIC[0]: apic_id 2, version 32, address 0xfec00000, GSI 0-23
[    0.000000] ACPI: INT_SRC_OVR (bus 0 bus_irq 0 global_irq 2 dfl dfl)
[    0.000000] ACPI: INT_SRC_OVR (bus 0 bus_irq 9 global_irq 9 high level)
[    0.000000] Using ACPI (MADT) for SMP configuration information
[    0.000000] smpboot: Allowing 2 CPUs, 0 hotplug CPUs
[    0.000000] PM: Registered nosave memory: [mem 0x00000000-0x00000fff]
[    0.000000] PM: Registered nosave memory: [mem 0x0009f000-0x0009ffff]
[    0.000000] PM: Registered nosave memory: [mem 0x000a0000-0x000effff]
[    0.000000] PM: Registered nosave memory: [mem 0x000f0000-0x000fffff]
[    0.000000] e820: [mem 0x40000000-0xfebfffff] available for PCI devices
[    0.000000] Booting paravirtualized kernel on KVM
[    0.000000] clocksource: refined-jiffies: mask: 0xffffffff max_cycles: 0xffffffff, max_idle_ns: 7645519600211568 ns
[    0.000000] setup_percpu: NR_CPUS:512 nr_cpumask_bits:512 nr_cpu_ids:2 nr_node_ids:1
[    0.000000] PERCPU: Embedded 33 pages/cpu @ffff88003fc00000 s98264 r8192 d28712 u1048576
[    0.000000] PV qspinlock hash table entries: 256 (order: 0, 4096 bytes)
[    0.000000] Built 1 zonelists in Node order, mobility grouping on.  Total pages: 257913
[    0.000000] Policy zone: DMA32
[    0.000000] Kernel command line: BOOT_IMAGE=/boot/vmlinuz-4.4.0-72-generic root=LABEL=cloudimg-rootfs ro console=tty1 console=ttyS0
[    0.000000] PID hash table entries: 4096 (order: 3, 32768 bytes)
[    0.000000] Memory: 1001844K/1048120K available (8452K kernel code, 1293K rwdata, 3976K rodata, 1484K init, 1316K bss, 46276K reserved, 0K cma-reserved)
[    0.000000] SLUB: HWalign=64, Order=0-3, MinObjects=0, CPUs=2, Nodes=1
[    0.000000] Hierarchical RCU implementation.
[    0.000000] 	Build-time adjustment of leaf fanout to 64.
[    0.000000] 	RCU restricting CPUs from NR_CPUS=512 to nr_cpu_ids=2.
[    0.000000] RCU: Adjusting geometry for rcu_fanout_leaf=64, nr_cpu_ids=2
[    0.000000] NR_IRQS:33024 nr_irqs:440 16
[    0.000000] Console: colour VGA+ 80x25
[    0.000000] console [tty1] enabled
[    0.000000] console [ttyS0] enabled
[    0.000000] tsc: Detected 2394.456 MHz processor
[    0.598748] Calibrating delay loop (skipped) preset value.. 4788.91 BogoMIPS (lpj=9577824)
[    0.599918] pid_max: default: 32768 minimum: 301
[    0.600546] ACPI: Core revision 20150930
[    0.601998] ACPI: 2 ACPI AML tables successfully acquired and loaded
[    0.689143] Security Framework initialized
[    0.715640] Yama: becoming mindful.
[    0.719024] AppArmor: AppArmor initialized
[    0.721369] Dentry cache hash table entries: 131072 (order: 8, 1048576 bytes)
[    0.840202] Inode-cache hash table entries: 65536 (order: 7, 524288 bytes)
[    0.859698] Mount-cache hash table entries: 2048 (order: 2, 16384 bytes)
[    0.869467] Mountpoint-cache hash table entries: 2048 (order: 2, 16384 bytes)
[    0.876039] Initializing cgroup subsys io
[    0.972136] Initializing cgroup subsys memory
[    1.058355] Initializing cgroup subsys devices
[    1.074222] Initializing cgroup subsys freezer
[    1.074900] Initializing cgroup subsys net_cls
[    1.075559] Initializing cgroup subsys perf_event
[    1.076228] Initializing cgroup subsys net_prio
[    1.076875] Initializing cgroup subsys hugetlb
[    1.077525] Initializing cgroup subsys pids
[    1.085001] CPU: Physical Processor ID: 0
[    1.140672] CPU: Processor Core ID: 0
[    1.171616] mce: CPU supports 0 MCE banks
[    1.203969] Last level iTLB entries: 4KB 1024, 2MB 1024, 4MB 1024
[    1.205243] Last level dTLB entries: 4KB 1024, 2MB 1024, 4MB 1024, 1GB 4
[    1.213928] Freeing SMP alternatives memory: 32K (ffffffff820b8000 - ffffffff820c0000)
[    1.229285] ftrace: allocating 32111 entries in 126 pages
[    1.273455] smpboot: APIC(0) Converting physical 0 to logical package 0
[    1.334703] smpboot: Max logical packages: 1
[    1.337203] x2apic enabled
[    1.348746] Switched APIC routing to physical x2apic.
[    1.356110] ..TIMER: vector=0x30 apic1=0 pin1=2 apic2=-1 pin2=-1
[    1.466188] APIC calibration not consistent with PM-Timer: 104ms instead of 100ms
[    1.571974] APIC delta adjusted to PM-Timer: 6250013 (6500133)
[    1.573321] smpboot: CPU0: Intel(R) Core(TM) i7-4700MQ CPU @ 2.40GHz (family: 0x6, model: 0x3c, stepping: 0x3)
[    1.576765] Performance Events: unsupported p6 CPU model 60 no PMU driver, software events only.
[    1.585787] KVM setup paravirtual spinlock
[    1.641269] x86: Booting SMP configuration:
[    1.643374] .... node  #0, CPUs:      #1
[    1.644535] kvm-clock: cpu 1, msr 0:3ffe3041, secondary cpu clock
[    1.646167] mce: CPU supports 0 MCE banks
[    1.742838] x86: Booted up 1 node, 2 CPUs
[    1.772318] smpboot: Total of 2 processors activated (9577.82 BogoMIPS)
[    1.774475] devtmpfs: initialized
[    1.810640] evm: security.selinux
[    1.813238] evm: security.SMACK64
[    1.814144] evm: security.SMACK64EXEC
[    1.815004] evm: security.SMACK64TRANSMUTE
[    1.821172] evm: security.SMACK64MMAP
[    1.822025] evm: security.ima
[    1.822731] evm: security.capability
[    1.823875] clocksource: jiffies: mask: 0xffffffff max_cycles: 0xffffffff, max_idle_ns: 7645041785100000 ns
[    1.826010] pinctrl core: initialized pinctrl subsystem
[    1.843062] RTC time: 19:01:12, date: 04/13/17
[    1.846649] NET: Registered protocol family 16
[    1.865234] cpuidle: using governor ladder
[    1.949583] cpuidle: using governor menu
[    1.983261] PCCT header not found.
[    2.040563] ACPI: bus type PCI registered
[    2.103885] acpiphp: ACPI Hot Plug PCI Controller Driver version: 0.5
[    2.143713] PCI: Using configuration type 1 for base access
[    2.250633] ACPI: Added _OSI(Module Device)
[    2.285650] ACPI: Added _OSI(Processor Device)
[    2.295421] ACPI: Added _OSI(3.0 _SCP Extensions)
[    2.303259] ACPI: Added _OSI(Processor Aggregator Device)
[    2.318645] ACPI: Executed 1 blocks of module-level executable AML code
[    2.424321] ACPI: Interpreter enabled
[    2.486259] ACPI: (supports S0 S5)
[    2.547041] ACPI: Using IOAPIC for interrupt routing
[    2.575947] PCI: Using host bridge windows from ACPI; if necessary, use "pci=nocrs" and report a bug
[    2.623173] ACPI: PCI Root Bridge [PCI0] (domain 0000 [bus 00-ff])
[    2.709902] acpi PNP0A03:00: _OSC: OS supports [ASPM ClockPM Segments MSI]
[    2.775509] acpi PNP0A03:00: _OSC failed (AE_NOT_FOUND); disabling ASPM
[    2.833922] acpi PNP0A03:00: fail to add MMCONFIG information, can't access extended PCI configuration space under this bridge.
[    2.904387] PCI host bridge to bus 0000:00
[    2.942289] pci_bus 0000:00: root bus resource [io  0x0000-0x0cf7 window]
[    2.945998] pci_bus 0000:00: root bus resource [io  0x0d00-0xffff window]
[    2.972828] pci_bus 0000:00: root bus resource [mem 0x000a0000-0x000bffff window]
[    2.974078] pci_bus 0000:00: root bus resource [mem 0x40000000-0xffdfffff window]
[    2.975279] pci_bus 0000:00: root bus resource [bus 00-ff]
[    2.983032] pci 0000:00:01.1: legacy IDE quirk: reg 0x10: [io  0x01f0-0x01f7]
[    3.046426] pci 0000:00:01.1: legacy IDE quirk: reg 0x14: [io  0x03f6]
[    3.078620] pci 0000:00:01.1: legacy IDE quirk: reg 0x18: [io  0x0170-0x0177]
[    3.082526] pci 0000:00:01.1: legacy IDE quirk: reg 0x1c: [io  0x0376]
[    3.106822] pci 0000:00:07.0: quirk: [io  0x4000-0x403f] claimed by PIIX4 ACPI
[    3.148623] pci 0000:00:07.0: quirk: [io  0x4100-0x410f] claimed by PIIX4 SMB
[    3.254117] ACPI: PCI Interrupt Link [LNKA] (IRQs 5 9 10 *11)
[    3.289924] ACPI: PCI Interrupt Link [LNKB] (IRQs 5 9 10 *11)
[    3.330451] ACPI: PCI Interrupt Link [LNKC] (IRQs 5 9 *10 11)
[    3.367288] ACPI: PCI Interrupt Link [LNKD] (IRQs 5 *9 10 11)
[    3.377259] ACPI: Enabled 2 GPEs in block 00 to 07
[    3.387656] vgaarb: setting as boot device: PCI:0000:00:02.0
[    3.413865] vgaarb: device added: PCI:0000:00:02.0,decodes=io+mem,owns=io+mem,locks=none
[    3.438324] vgaarb: loaded
[    3.504252] vgaarb: bridge control possible 0000:00:02.0
[    3.512175] SCSI subsystem initialized
[    3.578089] ACPI: bus type USB registered
[    3.630681] usbcore: registered new interface driver usbfs
[    3.646134] usbcore: registered new interface driver hub
[    3.647054] usbcore: registered new device driver usb
[    3.648336] PCI: Using ACPI for IRQ routing
[    3.650510] NetLabel: Initializing
[    3.658631] NetLabel:  domain hash size = 128
[    3.659238] NetLabel:  protocols = UNLABELED CIPSOv4
[    3.659923] NetLabel:  unlabeled traffic allowed by default
[    3.660792] amd_nb: Cannot enumerate AMD northbridges
[    3.661534] clocksource: Switched to clocksource kvm-clock
[    3.668969] AppArmor: AppArmor Filesystem Enabled
[    3.778238] pnp: PnP ACPI init
[    3.837990] pnp: PnP ACPI: found 3 devices
[    3.849191] clocksource: acpi_pm: mask: 0xffffff max_cycles: 0xffffff, max_idle_ns: 2085701024 ns
[    3.913588] NET: Registered protocol family 2
[    3.914879] TCP established hash table entries: 8192 (order: 4, 65536 bytes)
[    4.051268] TCP bind hash table entries: 8192 (order: 5, 131072 bytes)
[    4.077118] TCP: Hash tables configured (established 8192 bind 8192)
[    4.181351] UDP hash table entries: 512 (order: 2, 16384 bytes)
[    4.276140] UDP-Lite hash table entries: 512 (order: 2, 16384 bytes)
[    4.305392] NET: Registered protocol family 1
[    4.377670] pci 0000:00:00.0: Limiting direct PCI/PCI transfers
[    4.412973] pci 0000:00:01.0: Activating ISA DMA hang workarounds
[    4.442617] Unpacking initramfs...
[    6.134099] Freeing initrd memory: 10736K (ffff880036af8000 - ffff880037574000)
[    6.336481] RAPL PMU detected, API unit is 2^-32 Joules, 4 fixed counters 10737418240 ms ovfl timer
[    6.339842] hw unit of domain pp0-core 2^-0 Joules
[    6.340491] hw unit of domain package 2^-0 Joules
[    6.341132] hw unit of domain dram 2^-0 Joules
[    6.341761] hw unit of domain pp1-gpu 2^-0 Joules
[    6.342462] platform rtc_cmos: registered platform RTC device (no PNP device found)
[    6.554095] Scanning for low memory corruption every 60 seconds
[    6.628455] futex hash table entries: 512 (order: 3, 32768 bytes)
[    6.634492] audit: initializing netlink subsys (disabled)
[    6.635209] audit: type=2000 audit(1492110078.227:1): initialized
[    6.636223] Initialise system trusted keyring
[    6.652654] HugeTLB registered 2 MB page size, pre-allocated 0 pages
[    6.666328] zbud: loaded
[    6.674202] VFS: Disk quotas dquot_6.6.0
[    6.674844] VFS: Dquot-cache hash table entries: 512 (order 0, 4096 bytes)
[    6.712838] squashfs: version 4.0 (2009/01/31) Phillip Lougher
[    6.713924] fuse init (API version 7.23)
[    6.717591] Key type big_key registered
[    6.732569] Allocating IMA MOK and blacklist keyrings.
[    6.834768] Key type asymmetric registered
[    6.908200] Asymmetric key parser 'x509' registered
[    7.030841] Block layer SCSI generic (bsg) driver version 0.4 loaded (major 249)
[    7.245668] io scheduler noop registered
[    7.359040] tsc: Refined TSC clocksource calibration: 2393.979 MHz
[    7.532177] clocksource: tsc: mask: 0xffffffffffffffff max_cycles: 0x2281ffccc2b, max_idle_ns: 440795288715 ns
[    7.532211] io scheduler deadline registered (default)
ÿ[    7.532264] io scheduler cfq registered
[    7.532365] pci_hotplug: PCI Hot Plug PCI Core version: 0.5
[    7.532369] pciehp: PCI Express Hot Plug Controller Driver version: 0.4
[    7.532483] ACPI: AC Adapter AC] (on-line
[    7.532526] input: Power Button as /devcees/LNXSYSTM:00/LNXPWRBN:00/input/input0
[    7.532529] ACPI: Power Button [PWRF]
[    7.532576] input: Sleep Button as /devices/LNXSYSTM:00/LNXSLPBN:00/input/input1
[    7.532577] ACPI: Sleep Button [SLPF]
[    7.533139] ACPI: Battery Slot [BAT0] (battery present)
[    7.533162] GHES: HEST is not enabled!
[    7.641828] Serial: 8250/16550 driver, 32 ports, IRQ sharing enabled
[    7.794096] 00:02: ttyS0 at I/O 0x3f8 (irq = 4, base_baud = 115200) is a 16550A
[    7.796981] Linux agpgart interface v0.103
[    8.090320] loop: module loaded
[    8.090796] scsi host0: ata_piix
[    8.090841] scsi host1: ata_piix
[    8.090865] ata1: PATA max UDMA/33 cmd 0x1f0 ctl 0x3f6 bmdma 0xd000 irq 14
[    8.090865] ata2: PATA max UDMA/33 cmd 0x170 ctl 0x376 bmdma 0xd008 irq 15
[    8.090924] libphy: Fixed MDIO Bus: probed
[    8.090926] tun: Universal TUN/TAP device driver, 1.6
[    8.090926] tun: (C) 1999-2004 Max Krasnyansky <maxk@qualcomm.com>
[    8.091141] PPP generic driver version 2.4.2
[    8.091192] ehci_hcd: USB 2.0 'Enhanced' Host Controller (EHCI) Driver
[    8.091195] ehci-pci: EHCI PCI platform driver
[    8.091207] ehci-platform: EHCI generic platform driver
[    8.091214] ohci_hcd: USB 1.1 'Open' Host Controller (OHCI) Driver
[    8.091216] ohci-pci: OHCI PCI platform driver
[    8.091222] ohci-platform: OHCI generic platform driver
[    8.091237] uhci_hcd: USB Universal Host Controller Interface driver
[    8.091292] i8042: PNP: PS/2 Controller [PNP0303:PS2K,PNP0f03:PS2M] at 0x60,0x64 irq 1,12
[    8.275849] serio: i8042 KBD port at 0x60,0x64 irq 1
[    8.275855] serio: i8042 AUX port at 0x60,0x64 irq 12
[    8.275978] mousedev: PS/2 mouse device common for all mice
[    8.276213] rtc_cmos rtc_cmos: rtc core: registered rtc_cmos as rtc0
[    8.276258] rtc_cmos rtc_cmos: alarms up to one day, 114 bytes nvram
[    8.276264] i2c /dev entries driver
[    8.276317] device-mapper: uevent: version 1.0.3
[    8.276360] device-mapper: ioctl: 4.34.0-ioctl (2015-10-28) initialised: dm-devel@redhat.com
[    8.276380] ledtrig-cpu: registered to indicate activity on CPUs
[    8.276629] NET: Registered protocol family 10
[    8.276747] NET: Registered protocol family 17
[    8.276757] Key type dns_resolver registered
[    8.548070] microcode: CPU0 sig=0x306c3, pf=0x40, revision=0x0
[    8.548181] microcode: CPU1 sig=0x306c3, pf=0x40, revision=0x0
[    8.548259] microcode: Microcode Update Driver: v2.01 <tigran@aivazian.fsnet.co.uk>, Peter Oruba
[    8.548405] registered taskstats version 1
[    8.548416] Loading compiled-in X.509 certificates
[    8.549013] Loaded X.509 cert 'Build time autogenerated kernel key: 04ae903e4643330d1fe41947e79c28b436494994'
[    8.549034] zswap: loaded using pool lzo/zbud
[    8.550190] Key type trusted registered
[    8.552084] Key type encrypted registered
[    8.552087] AppArmor: AppArmor sha1 policy hashing enabled
[    8.552089] ima: No TPM chip found, activating TPM-bypass!
[    8.552103] evm: HMAC attrs: 0x1
[    8.552277]   Magic number: 13:939:40
[    8.552285] bdi 7:5: hash matches
[    8.842981] rtc_cmos rtc_cmos: setting system clock to 2017-04-13 19:01:18 UTC (1492110078)
[    8.843146] BIOS EDD facility v0.16 2004-Jun-25, 0 devices found
[    8.843147] EDD information not available.
[    8.866756] input: AT Translated Set 2 keyboard as /devices/platform/i8042/serio0/input/input2
[    9.067815] Freeing unused kernel memory: 1484K (ffffffff81f45000 - ffffffff820b8000)
[    9.071715] Write protecting the kernel read-only data: 14336k
[    9.072952] Freeing unused kernel memory: 1776K (ffff880001844000 - ffff880001a00000)
[    9.092705] Freeing unused kernel memory: 120K (ffff880001de2000 - ffff880001e00000)
Loading, please wait...
starting version[    9.105465] random: systemd-udevd: uninitialized urandom read (16 bytes read, 2 bits of entropy available)
 229
[    9.106488] random: udevadm: uninitialized urandom read (16 bytes read, 2 bits of entropy available)
[    9.106536] random: udevadm: uninitialized urandom read (16 bytes read, 2 bits of entropy available)
[    9.106697] random: udevadm: uninitialized urandom read (16 bytes read, 2 bits of entropy available)
[    9.106736] random: udevadm: uninitialized urandom read (16 bytes read, 2 bits of entropy available)
[    9.106770] random: udevadm: uninitialized urandom read (16 bytes read, 2 bits of entropy available)
[    9.106803] random: udevadm: uninitialized urandom read (16 bytes read, 2 bits of entropy available)
[    9.106835] random: udevadm: uninitialized urandom read (16 bytes read, 2 bits of entropy available)
[    9.106865] random: udevadm: uninitialized urandom read (16 bytes read, 2 bits of entropy available)
[    9.106896] random: udevadm: uninitialized urandom read (16 bytes read, 2 bits of entropy available)
[   11.742208] e1000: Intel(R) PRO/1000 Network Driver - version 7.3.21-k8-NAPI
[   12.025838] e1000: Copyright (c) 1999-2006 Intel Corporation.
[   12.046902] Fusion MPT base driver 3.04.20
[   12.222455] Copyright (c) 1999-2008 LSI Corporation
[   12.424340] AVX version of gcm_enc/dec engaged.
[   12.518030] AES CTR mode by8 optimization enabled
[   12.521060] Fusion MPT SPI Host driver 3.04.20
[   12.619358] input: ImExPS/2 Generic Explorer Mouse as /devices/platform/i8042/serio1/input/input4
[   13.124909] e1000 0000:00:03.0 eth0: (PCI:33MHz:32-bit) 02:7f:8e:b9:3d:b3
[   13.321538] e1000 0000:00:03.0 eth0: Intel(R) PRO/1000 Network Connection
[   13.501024] e1000 0000:00:03.0 enp0s3: renamed from eth0
[   13.501035] mptbase: ioc0: Initiating bringup
[   13.561745] ioc0: LSI53C1030 A0: Capabilities={Initiator}
[   13.929612] scsi host2: ioc0: LSI53C1030 A0, FwRev=00000000h, Ports=1, MaxQ=256, IRQ=20
[   14.182066] scsi 2:0:0:0: Direct-Access     VBOX     HARDDISK         1.0  PQ: 0 ANSI: 5
[   14.451586] scsi target2:0:0: Beginning Domain Validation
[   14.453289] scsi target2:0:0: Domain Validation skipping write tests
[   14.454202] scsi target2:0:0: Ending Domain Validation
[   14.454949] scsi target2:0:0: asynchronous
[   14.455909] scsi 2:0:1:0: Direct-Access     VBOX     HARDDISK         1.0  PQ: 0 ANSI: 5
[   14.457021] scsi target2:0:1: Beginning Domain Validation
[   14.461878] scsi target2:0:1: Domain Validation skipping write tests
[   14.611275] scsi target2:0:1: Ending Domain Validation
[   14.612078] scsi target2:0:1: asynchronous
[   14.616727] sd 2:0:0:0: [sda] 20971520 512-byte logical blocks: (10.7 GB/10.0 GiB)
[   14.619377] sd 2:0:0:0: Attached scsi generic sg0 type 0
[   14.620171] sd 2:0:0:0: [sda] Write Protect is off
[   14.620963] sd 2:0:0:0: [sda] Incomplete mode parameter data
[   14.671485] sd 2:0:0:0: [sda] Assuming drive cache: write through
[   14.841588] sd 2:0:1:0: [sdb] 20480 512-byte logical blocks: (10.5 MB/10.0 MiB)
[   14.842820] sd 2:0:1:0: [sdb] Write Protect is off
[   14.843529] sd 2:0:1:0: Attached scsi generic sg1 type 0
[   14.844217] sd 2:0:1:0: [sdb] Incomplete mode parameter data
[   14.847156] sd 2:0:1:0: [sdb] Assuming drive cache: write through
[   14.857121]  sda: sda1
[   14.887897] sd 2:0:1:0: [sdb] Attached SCSI disk
[   15.101180] floppy0: no floppy controllers found
[   15.101949] sd 2:0:0:0: [sda] Attached SCSI disk
Begin: Loading e[   16.444599] md: linear personality registered for level -1
ssential drivers ... [   16.596462] md: multipath personality registered for level -4
[   16.600470] md: raid0 personality registered for level 0
[   16.735447] md: raid1 personality registered for level 1
[   16.941586] raid6: sse2x1   gen() 10239 MB/s
[   17.129574] raid6: sse2x1   xor()  7478 MB/s
[   17.305581] raid6: sse2x2   gen() 12687 MB/s
[   17.409564] raid6: sse2x2   xor()  8753 MB/s
[   17.517573] raid6: sse2x4   gen() 14725 MB/s
[   17.689568] raid6: sse2x4   xor() 10461 MB/s
[   17.812170] raid6: using algorithm sse2x4 gen() 14725 MB/s
[   17.961589] raid6: .... xor() 10461 MB/s, rmw enabled
[   18.077745] raid6: using ssse3x2 recovery algorithm
[   18.220295] xor: automatically using best checksumming function:
[   18.369329]    avx       : 44371.000 MB/sec
[   18.602334] async_tx: api initialized (async)
[   18.712470] md: raid6 personality registered for level 6
[   18.853747] md: raid5 personality registered for level 5
[   18.998083] md: raid4 personality registered for level 4
[   19.104313] md: raid10 personality registered for level 10
done.
Begin: Running /scripts/init-premount ... done.
Begin: Mounting root file system ... Begin: Running /scripts/local-top ... done.
Begin: Running /scripts/local-[   19.130161] Btrfs loaded
premount ... Scanning for Btrfs filesystems
done.
Warning: fsck not present, so skipping ro[   19.419859] EXT4-fs (sda1): mounted filesystem with ordered data mode. Opts: (null)
ot file system
done.
Begin: Running /scripts/local-bottom ... done.
Begin: Running /scripts/init-bottom ... done.
[   20.040249] systemd[1]: systemd 229 running in system mode. (+PAM +AUDIT +SELINUX +IMA +APPARMOR +SMACK +SYSVINIT +UTMP +LIBCRYPTSETUP +GCRYPT +GNUTLS +ACL +XZ -LZ4 +SECCOMP +BLKID +ELFUTILS +KMOD -IDN)
[   20.148328] systemd[1]: Detected virtualization oracle.
[   20.150130] systemd[1]: Detected architecture x86-64.

Welcome to [1mUbuntu 16.04.2 LTS[0m!

[   20.194092] systemd[1]: Set hostname to <ubuntu>.
[   20.341145] systemd[1]: Initializing machine ID from random generator.
[   20.378370] systemd[1]: Installed transient /etc/machine-id file.
[   20.540733] random: nonblocking pool is initialized
[   20.984438] systemd[1]: Listening on udev Control Socket.
[[0;32m  OK  [0m] Listening on udev Control Socket.
[   21.165682] systemd[1]: Listening on Journal Socket (/dev/log).
[[0;32m  OK  [0m] Listening on Journal Socket (/dev/log).
[   21.172377] systemd[1]: Created slice System Slice.
[[0;32m  OK  [0m] Created slice System Slice.
[   21.174774] systemd[1]: Listening on LVM2 metadata daemon socket.
[[0;32m  OK  [0m] Listening on LVM2 metadata daemon socket.
[   21.181794] systemd[1]: Listening on Journal Audit Socket.
[[0;32m  OK  [0m] Listening on Journal Audit Socket.
[   21.187160] systemd[1]: Listening on Journal Socket.
[[0;32m  OK  [0m] Listening on Journal Socket.
[   21.201778] systemd[1]: Starting Set console keymap...
         Starting Set console keymap...
[   21.373581] systemd[1]: Started Forward Password Requests to Wall Directory Watch.
[[0;32m  OK  [0m] Started Forward Password Requests to Wall Directory Watch.
[   21.551648] systemd[1]: Reached target Swap.
[[0;32m  OK  [0m] Reached target Swap.
[   21.561747] systemd[1]: Listening on Device-mapper event daemon FIFOs.
[[0;32m  OK  [0m] Listening on Device-mapper event daemon FIFOs.
[   21.601757] systemd[1]: Starting Monitoring of LVM2 mirrors, snapshots etc. using dmeventd or progress polling...
         Starting Monitoring of LVM2 mirrors... dmeventd or progress polling...
[   21.733636] systemd[1]: Starting Remount Root and Kernel File Systems...
         Starting Remount Root and Kernel[   21.914834] EXT4-fs (sda1): re-mounted. Opts: (null)
 File Systems...
[   21.929404] systemd[1]: Created slice system-serial\x2dgetty.slice.
[[0;32m  OK  [0m] Created slice system-serial\x2dgetty.slice.
[   21.985650] systemd[1]: Listening on udev Kernel Socket.
[[0;32m  OK  [0m] Listening on udev Kernel Socket.
[   21.993832] systemd[1]: Listening on LVM2 poll daemon socket.
[[0;32m  OK  [0m] Listening on LVM2 poll daemon socket.
[   22.173862] systemd[1]: Starting Load Kernel Modules...
         Starting Load Kernel Modules...
[   22.291743] systemd[1]: Listening on Syslog Socket.
[[0;32m  OK  [0m] Listening on Syslog Socket.
[   22.369571] Loading iSCSI transport class v2.0-870.
[   22.632388] iscsi: reiittered transport (tcp)
[   22.941768] systemd[1]: Starting Journal Service...
         Starting Journal Service...
[   23.102477] systemd[1]: Starting Nameserver information manager...
         Starting Nameserver information manager...
[   23.317829] systemd[1]: Set up automount Arbitrary Executable File Formats File System Automount Point.
[[0;32m  OK  [0m] Set up autom[   23.557222] iscsi: registered transport (iser)
ount Arbitrary Executab...ats File System Automount Point.
[   23.731261] systemd[1]: Created slice User and Session Slice.
[[0;32m  OK  [0m] Created slice User and Session Slice.
[   23.845477] systemd[1]: Reached target Slices.
[[0;32m  OK  [0m] Reached target Slices.
[   23.969809] systemd[1]: Reached target User and Group Name Lookups.
[[0;32m  OK  [0m] Reached target User and Group Name Lookups.
[   24.197818] systemd[1]: Starting Uncomplicated firewall...
         Starting Uncomplicated firewall...
[   24.385839] systemd[1]: Reached target Encrypted Volumes.
[[0;32m  OK  [0m] Reached target Encrypted Volumes.
[   24.593721] systemd[1]: Mounting Huge Pages File System...
         Mounting Huge Pages File System...
[   24.742437] systemd[1]: Mounting Debug File System...
         Mounting Debug File System...
[   24.750092] systemd[1]: Listening on /dev/initctl Compatibility Named Pipe.
[[0;32m  OK  [0m] Listening on /dev/initctl Compatibility Named Pipe.
[   24.801757] systemd[1]: Starting Create list of required static device nodes for the current kernel...
         Starting Create list of required st... nodes for the current kernel...
[   24.909708] systemd[1]: Mounting POSIX Message Queue File System...
         Mounting POSIX Message Queue File System...
[   25.074433] systemd[1]: Mounted Huge Pages File System.
[[0;32m  OK  [0m] Mounted Huge Pages File System.
[   25.100649] systemd[1]: Mounted Debug File System.
[[0;32m  OK  [0m] Mounted Debug File System.
[   25.102139] systemd[1]: Mounted POSIX Message Queue File System.
[[0;32m  OK  [0m] Mounted POSIX Message Queue File System.
[   25.103820] systemd[1]: Started Journal Service.
[[0;32m  OK  [0m] Started Journal Service.
[[0;32m  OK  [0m] Started Set console keymap.
[[0;32m  OK  [0m] Started Remount Root and Kernel File Systems.
[[0;32m  OK  [0m] Started Load Kernel Modules.
[[0;32m  OK  [0m] Started Uncomplicated firewall.
[[0;32m  OK  [0m] Started Create list of required sta...ce nodes for the current kernel.
[[0;32m  OK  [0m] Started Nameserver information manager.
[[0;32m  OK  [0m] Started LVM2 metadata daemon.
         Starting Create Static Device Nodes in /dev...
         Starting Apply Kernel Variables...
         Mounting FUSE Control File System...
         Starting Initial cloud-init job (pre-networking)...
         Starting Load/Save Random Seed...
         Starting udev Coldplug all Devices...
         Starting Flush Journal to Persistent Storage...
[[0;32m  OK  [0m] Mounted FUSE Control File System.
[[0;32m  OK  [0m] Started Load/Save Random Seed.
[[0;32m  OK  [0m] Started Apply Kernel Variables.
[[0;32m  OK  [0m] Started udev Coldplug all Devices.
[[0;32m  OK  [0m] Started Create Static Device Nodes in /dev.
         Starting udev Kernel Device Manager...
[[0;32m  OK  [0m] Started Flush Journal to Persistent Storage.
[[0;32m  OK  [0m] Started udev Kernel Device Manager.
[[0;32m  OK  [0m] Started Dispatch Password Requests to Console Directory Watch.
[[0;32m  OK  [0m] Started Monitoring of LVM2 mirrors,...ng dmeventd or progress polling.
[[0;32m  OK  [0m] Reached target Local File Systems (Pre).
[[0;32m  OK  [0m] Reached target Local File Systems.
         Starting Commit a transient machine-id on disk...
         Starting LSB: AppArmor initialization...
         Starting Create Volatile Files and Directories...
         Starting Set console font and keymap...
         Starting Tell Plymouth To Write Out Runtime Data...
[[0;32m  OK  [0m] Started Commit a transient machine-id on disk.
[[0;32m  OK  [0m] Started Create Volatile Files and Directories.
[[0;32m  OK  [0m] Started Tell Plymouth To Write Out Runtime Data.
[[0;32m  OK  [0m] Found device /dev/ttyS0.
[[0;32m  OK  [0m] Reached target System Time Synchronized.
         Starting Update UTMP about System Boot/Shutdown...
[[0;32m  OK  [0m] Listening on Load/Save RF Kill Switch Status /dev/rfkill Watch.
[[0;32m  OK  [0m] Started Update UTMP about System Boot/Shutdown.
[[0;32m  OK  [0m] Started LSB: AppArmor initialization.
[[0;32m  OK  [0m] Started Set console font and keymap.
[[0;32m  OK  [0m] Created slice system-getty.slice.
[   26.496212] cloud-init[432]: Cloud-init v. 0.7.9 running 'init-local' at Thu, 13 Apr 2017 19:01:39 +0000. Up 26.15 seconds.
[[0;32m  OK  [0m] Started Initial cloud-init job (pre-networking).
[[0;32m  OK  [0m] Reached target Network (Pre).
         Starting Raise network interfaces...
[[0;32m  OK  [0m] Started Raise network interfaces.
         Starting Initial cloud-init job (metadata service crawler)...
[[0;32m  OK  [0m] Reached target Network.
[   28.305624] cloud-init[928]: Cloud-init v. 0.7.9 running 'init' at Thu, 13 Apr 2017 19:01:40 +0000. Up 27.20 seconds.
[[0;32m  OK  [0m] Started Initial cloud-init job (metadata service crawler).
[[0;32m  OK  [0m] Reached target Cloud-config availability.
[[0;32m  OK  [0m] Reached target System Initialization.
[[0;32m  OK  [0m] Listening on ACPID Listen Socket.
[   28.390116] cloud-init[928]: ci-info: +++++++++++++++++++++++++++++++++++++Net device info++++++++++++++++++++++++++++++++++++++
[   28.409711] cloud-init[928]: ci-info: +--------+------+----------------------------+---------------+-------+-------------------+
[   28.412247] cloud-init[928]: ci-info: | Device |  Up  |          Address           |      Mask     | Scope |     Hw-Address    |
[[0;32m  OK  [0m] Listening on UUID daemon activation socket.
[[0;32m  OK  [0m] Started Daily Cleanup of Temporary Directories.
[[0;32m  OK  [0m] Started Trigger resolvconf update for networkd DNS.
[   28.416474] cloud-init[928]: ci-info: +--------+------+----------------------------+---------------+-------+-------------------+
[   28.422484] cloud-init[928]: ci-info: |   lo   | True |         127.0.0.1          |   255.0.0.0   |   .   |         .         |
[[0;32m  OK  [0m] Started ACPI Events Check.
[[0;32m  OK  [0m] Reached target Paths.
[[0;32m  OK  [0m] Started Daily apt activities.
[[0;32m  OK  [0m] Listening on D-Bus System Message Bus Socket.
[   28.423920] cloud-init[928]: ci-info: |   lo   | True |          ::1/128           |       .       |  host |         .         |
[   28.430173] cloud-init[928]: ci-info: | enp0s3 | True |         10.0.2.15          | 255.255.255.0 |   .   | 02:7f:8e:b9:3d:b3 |
[   28.436555] cloud-init[928]: ci-info: | enp0s3 | True | fe80::7f:8eff:feb9:3db3/64 |       .       |  link | 02:7f:8e:b9:3d:b3 |
         Starting LXD - unix socket.
[[0;32m  OK  [0m] Started Timer to automatically refresh installed snaps.
[[0;32m  OK  [0m] Reached target Timers.
[   28.440628] cloud-init[928]: ci-info: +--------+------+----------------------------+---------------+-------+-------------------+
[   28.446503] cloud-init[928]: ci-info: +++++++++++++++++++++++++++Route IPv4 info++++++++++++++++++++++++++++
[   28.447636] cloud-init[928]: ci-info: +-------+-------------+----------+---------------+-----------+-------+
[   28.456557] cloud-init[928]: ci-info: | Route | Destination | Gateway  |    Genmask    | Interface | Flags |
[   28.457800] cloud-init[928]: ci-info: +-------+-------------+----------+---------------+-----------+-------+
[   28.458894] cloud-init[928]: ci-info: |   0   |   0.0.0.0   | 10.0.2.2 |    0.0.0.0    |   enp0s3  |   UG  |
         Starting Socket activation for snappy daemon.
[[0;32m  OK  [0m] Reached target Network is Online.
[   28.462409] cloud-init[928]: ci-info: |   1   |   10.0.2.0  | 0.0.0.0  | 255.255.255.0 |   enp0s3  |   U   |
[   28.474065] cloud-init[928]: ci-info: +-------+-------------+----------+---------------+-----------+-------+
[   28.475305] cloud-init[928]: Generating public/private rsa key pair.
[   28.476191] cloud-init[928]: Your identification has been saved in /etc/ssh/ssh_host_rsa_key.
[   28.477243] cloud-init[928]: Your public key has been saved in /etc/ssh/ssh_host_rsa_key.pub.
[   28.478325] cloud-init[928]: The key fingerprint is:
[   28.478999] cloud-init[928]: SHA256:Da7lGgHRepjTQ75IB1m+XsFB/jzedo1tqrbPSiPc7ow root@ubuntu-xenial
[   28.481236] cloud-init[928]: The key's randomart image is:
[   28.482206] cloud-init[928]: +---[RSA 2048]----+
[   28.482932] cloud-init[928]: |    .+..o        |
[   28.520225]          cloud-initStarting iSCSI initiator daemon (iscsid)...[928]: 
|    oooo .       |
[   28.569592] [cloud-init[0;32m  OK  [0m[928]: ] |    .O. =        |Listening on LXD - unix socket.

[   28.570105] [cloud-init[0;32m  OK  [0m[928]: ] |    *.*o *       |Listening on Socket activation for snappy daemon.

[   28.572359] cloud-init[928]: |   . =ooS =      |
[   28.577480] cloud-init[928]: |    ...* o +   + |
[   28.580597] cloud-init[928]: |      + . + * o +|
[   28.585784] cloud-init[928]: |       o   B.+ o |
[   28.588603] cloud-init[928]: |      .   EoB=+  |
[   28.591654] cloud-init[928]: +----[SHA256]-----+
[   28.594672] cloud-init[928]: Generating public/private dsa key pair.
[   28.596641] [cloud-init[0;32m  OK  [0m[928]: ] Your identification has been saved in /etc/ssh/ssh_host_dsa_key.Reached target Sockets.

[   28.597047] [cloud-init[0;32m  OK  [0m[928]: ] Your public key has been saved in /etc/ssh/ssh_host_dsa_key.pub.Reached target Basic System.

[   28.599638] cloud-init[928]: The key fingerprint is:
[   28.603621] [cloud-init[0;32m  OK  [0m[928]: ] SHA256:qXc98ii5UTgyxsQ6xc244FA0lgh5qR2WGZXHm4SZ8Aw root@ubuntu-xenialStarted Deferred execution scheduler.

[   28.604053] cloud-init[928]: The key's randomart image is:
[   28.609438] cloud-init[928]: +---[DSA 1024]----+
[   28.611592] cloud-init[928]: |.oEX*B           |
[   28.628249]          Starting Pollinate to seed the pseudo random number generator...
cloud-init         Starting Login Service...
[928]: |. O**+++         |
[   28.648409] [cloud-init[0;32m  OK  [0m[928]: ] | =..+o*oo        |Started Regular background program processing daemon.

[   28.648784] cloud-init[928]: |. .o *o. o       |
[   28.784262] [cloud-init[0;32m  OK  [0m[928]: ] |    + * S .      |Started Snappy daemon.

[   28.784563] cloud-init[928]: |     o + o .     |
[   28.900308]          cloud-initStarting LSB: MD monitoring daemon...[928]: 
|      . o.o o    |
[   28.968484] [cloud-init[0;32m  OK  [0m[928]: ] |       .oo + .   |Started FUSE filesystem for LXC.

[   28.968942] cloud-init[928]: |        .o. .    |
[   29.040352]          cloud-initStarting Accounts Service...[928]: 
+----[SHA256]-----+
[   29.091573]          Starting Apply the settings specified in cloud-config...
cloud-init[928]: Generating public/private ecdsa key pair.
[   29.093171] cloud-init[928]: Your identification has been saved in /etc/ssh/ssh_host_ecdsa_key.
[   29.094220] cloud-init[928]: Your public key has been saved in /etc/ssh/ssh_host_ecdsa_key.pub.
[   29.095259] cloud-init[928]: The key fingerprint is:
[   29.103821] cloud-init[928]: SHA256:jCnFbdroTS9H3mH88sj/bwxfwhkR4zHKsDUZAU8iBas root@ubuntu-xenial
[   29.181829]          cloud-initStarting LSB: Record successful boot for GRUB...[928]: 
The key's randomart image is:
[   29.212119] cloud-init[928]: +---[ECDSA 256]---+
[   29.214108] cloud-init[928]: |        oo=.*+=. |
[   29.216547] cloud-init[928]: |     . . o O.+.+ |
[   29.221563] cloud-init[928]: |      o + . + .. |
[   29.231461] cloud-init[928]: |     . X   .  .  |
[   29.292508] cloud-init[928]: |    . E S . +. o |
[   29.292712] cloud-init[928]: |     o o + o o= .|
[[0;32m  OK  [0m] Started ACPI event daemon.
[   29.292804] cloud-init[928]: |      . o + o .=.|
[   29.374717] cloud-init[928]: |         o . +  +|
[   29.375438] cloud-init[928]: |            o.oo+|
[   29.376156] cloud-init[928]: +----[SHA256]-----+
[   29.376851] cloud-init[928]: Generating public/private ed25519 key pair.
[   29.377724] cloud-init[928]: Your identification has been saved in /etc/ssh/ssh_host_ed25519_key.
[   29.378814] cloud-init[928]: Your public key has been saved in /etc/ssh/ssh_host_ed25519_key.pub.
[   29.380199] cloud-init[928]: The key fingerprint is:
[   29.382069] cloud-init[928]: SHA256:OnIQw1zQnr3cC86CkQK8oT/pFlBuClyHQDPgCnrjrgQ root@ubuntu-xenial
[   29.383304] cloud-init[928]: The key's randomart image is:
[   29.384183] cloud-init[928]: +--[ED25519 256]--+
[   29.386860] cloud-init[928]: |+=. oo.          |
[   29.388638] cloud-init[928]: |. += o.          |
[   29.390434] cloud-init[928]: |++. *. o         |
[   29.393220] cloud-init[928]: |B+o  oo .        |
[[0;32m  OK  [0m] Started D-Bus System Message Bus.
[   29.393484] cloud-init[928]: |E== .. .So       |
[   29.399767] cloud-init[928]: |++o.o. .+ .      |
[   29.401576] cloud-init[928]: | o.+.o+o . .     |
[   29.402338] cloud-init[928]: |..= .o..o .      |
[   29.403064] cloud-init[928]: |.+o.   .         |
[   29.404812] cloud-init[928]: +----[SHA256]-----+
[   29.646272] cloud-init[1075]: Generating locales (this might take a while)...
         Starting System Logging Service...
         Starting Auto import assertions from block devices...
         Starting /etc/rc.local Compatibility...
         Starting LXD - container startup/shutdown...
[[0;32m  OK  [0m] Started iSCSI initiator daemon (iscsid).
[[0;32m  OK  [0m] Started Auto import assertions from block devices.
[[0;32m  OK  [0m] Started /etc/rc.local Compatibility.
[[0;32m  OK  [0m] Started System Logging Service.
[[0;32m  OK  [0m] Started Login Service.
         Starting Authenticate and Authorize Users to Run Privileged Tasks...
         Starting Login to default iSCSI targets...
[[0;32m  OK  [0m] Started LSB: Record successful boot for GRUB.
[[0;32m  OK  [0m] Started LSB: MD monitoring daemon.
[[0;32m  OK  [0m] Started Login to default iSCSI targets.
[[0;32m  OK  [0m] Reached target Remote File Systems (Pre).
[[0;32m  OK  [0m] Reached target Remote File Systems.
         Starting Permit User Sessions...
         Starting LSB: VirtualBox Linux Additions...
         Starting LSB: Set the CPU Frequency Scaling governor to "ondemand"...
         Starting LSB: automatic crash report generation...
         Starting LSB: daemon to balance interrupts for SMP systems...
[[0;32m  OK  [0m] Started Permit User Sessions.
[[0;32m  OK  [0m] Started Authenticate and Authorize Users to Run Privileged Tasks.
[[0;32m  OK  [0m] Started Accounts Service.
         Starting Terminate Plymouth Boot Screen...
         Starting Hold until boot process finishes up...
[[0;32m  OK  [0m] Started Pollinate to seed the pseudo random number generator.
[[0;32m  OK  [0m] Started Terminate Plymouth Boot Screen.
[[0;32m  OK  [0m] Started Hold until boot process finishes up.
[   31.447268] cloud-init[1075]:   en_US.UTF-8... done
[[0;32m  OK  [0m] Started LSB: Set the CPU Frequency Scaling governor to "ondemand".
[   31.487309] cloud-init[1075]: Generation complete.
[[0;32m  OK  [0m] Started Getty on tty1.
         Starting Set console scheme...
[[0;32m  OK  [0m] Started Serial Getty on ttyS0.
[[0;32m  OK  [0m] Reached target Login Prompts.
         Starting OpenBSD Secure Shell server...
[[0;32m  OK  [0m] Started LSB: automatic crash report generation.
[[0;32m  OK  [0m] Started LSB: daemon to balance interrupts for SMP systems.
[[0;32m  OK  [0m] Started Set console scheme.
[[0;32m  OK  [0m] Started LSB: VirtualBox Linux Additions.
[[0;32m  OK  [0m] Started OpenBSD Secure Shell server.
[[0;32m  OK  [0m] Started LXD - container startup/shutdown.
[[0;32m  OK  [0m] Reached target Multi-User System.
[[0;32m  OK  [0m] Reached target Graphical Interface.
         Starting Update UTMP about System Runlevel Changes...
[[0;32m  OK  [0m] Started Update UTMP about System Runlevel Changes.
         Stopping OpenBSD Secure Shell server...
[[0;32m  OK  [0m] Stopped OpenBSD Secure Shell server.
         Starting OpenBSD Secure Shell server...
[[0;32m  OK  [0m] Started OpenBSD Secure Shell server.
[[0;32m  OK  [0m] Created slice User Slice of ubuntu.
         Starting User Manager for UID 1000...
[[0;32m  OK  [0m] Started Session 1 of user ubuntu.
[[0;32m  OK  [0m] Started User Manager for UID 1000.
[   33.097537] cloud-init[1075]: Cloud-init v. 0.7.9 running 'modules:config' at Thu, 13 Apr 2017 19:01:42 +0000. Up 29.27 seconds.
[[0;32m  OK  [0m] Started Apply the settings specified in cloud-config.
         Starting Execute cloud user/final scripts...
ci-info: no authorized ssh keys fingerprints found for user ubuntu.
<14>Apr 13 19:01:46 ec2: 
<14>Apr 13 19:01:46 ec2: #############################################################
<14>Apr 13 19:01:46 ec2: -----BEGIN SSH HOST KEY FINGERPRINTS-----
<14>Apr 13 19:01:46 ec2: 1024 SHA256:qXc98ii5UTgyxsQ6xc244FA0lgh5qR2WGZXHm4SZ8Aw root@ubuntu-xenial (DSA)
<14>Apr 13 19:01:46 ec2: 256 SHA256:jCnFbdroTS9H3mH88sj/bwxfwhkR4zHKsDUZAU8iBas root@ubuntu-xenial (ECDSA)
<14>Apr 13 19:01:46 ec2: 256 SHA256:OnIQw1zQnr3cC86CkQK8oT/pFlBuClyHQDPgCnrjrgQ root@ubuntu-xenial (ED25519)
<14>Apr 13 19:01:46 ec2: 2048 SHA256:Da7lGgHRepjTQ75IB1m+XsFB/jzedo1tqrbPSiPc7ow root@ubuntu-xenial (RSA)
<14>Apr 13 19:01:46 ec2: -----END SSH HOST KEY FINGERPRINTS-----
<14>Apr 13 19:01:46 ec2: #############################################################
-----BEGIN SSH HOST KEY KEYS-----
ecdsa-sha2-nistp256 AAAAE2VjZHNhLXNoYTItbmlzdHAyNTYAAAAIbmlzdHAyNTYAAABBBIJJGK25te2gQgztG3d2/LS/eOsRx1QhgBc4hNklJlKEy1/kx5953C8w9OfN4NPGR7+iIRn74T8u0Z/yBKZeZj0= root@ubuntu-xenial
ssh-ed25519 AAAAC3NzaC1lZDI1NTE5AAAAIIZpwdlW4RjnluieGAuKgy8sCya3bRE4Z5aYoy2siMV5 root@ubuntu-xenial
ssh-rsa AAAAB3NzaC1yc2EAAAADAQABAAABAQDC0FaYI5EGia0PxfFICn1SDfSxD3QXVimyPJsoYJYPLH8RtyfXi+jsLr7KzK4Modu1AdESTUQmTp5TPoqSbYp1SgsL2Cu58cZXhjxMqsrju5mpM0K0QPz99pRt0pdETp/k7jStgLDf5lNLVQeYHvUnYP12n3X/oBBOaDLmbb3ROxigr16aeKPT4lfiSPqPRmQ6KZ1RNkRU0D8cVNI2vTyw+0izHWlgOPo5sq8NrIdLo/+M90QELrs1BIn4M6WeqWyyrtby+4+23m0FejJBs7avw2IX56yAejH85ivh3vZ8R/tXGCDj4kl9ZpeIYnaWk2qu2KQRUL5/rDbEe/6ubAXb root@ubuntu-xenial
-----END SSH HOST KEY KEYS-----
[   33.898036] cloud-init[1350]: Cloud-init v. 0.7.9 running 'modules:final' at Thu, 13 Apr 2017 19:01:46 +0000. Up 33.50 seconds.
[   33.977935] cloud-init[1350]: ci-info: no authorized ssh keys fingerprints found for user ubuntu.
[   33.983836] cloud-init[1350]: Cloud-init v. 0.7.9 finished at Thu, 13 Apr 2017 19:01:46 +0000. Datasource DataSourceNoCloud [seed=/dev/sdb][dsmode=net].  Up 33.89 seconds
[[0;32m  OK  [0m] Started Execute cloud user/final scripts.
[[0;32m  OK  [0m] Reached target Cloud-init target.

Ubuntu 16.04.2 LTS ubuntu-xenial ttyS0

ubuntu-xenial login: 